2024-02-21 15:58:42 DEBUG TelegramBot:39 - wer
2024-02-21 18:04:40 DEBUG TelegramBot:53 - ййй
2024-02-21 18:04:51 DEBUG TelegramBot:53 - 😊
2024-02-21 18:08:27 DEBUG TelegramBot:55 - fff
2024-02-21 18:11:39 DEBUG TelegramBot:55 - qwer
2024-02-21 18:11:46 DEBUG TelegramBot:55 - /start
2024-02-21 18:14:33 DEBUG TelegramBot:55 - asdfg
2024-02-21 18:14:38 DEBUG TelegramBot:55 - 
2024-02-21 18:14:44 DEBUG TelegramBot:55 - 
2024-02-25 20:52:20 DEBUG TelegramBot:54 - Рр
2024-02-25 20:52:31 DEBUG TelegramBot:54 - 
2024-02-25 20:56:50 DEBUG TelegramBot:54 - 
2024-02-25 21:02:39 DEBUG TelegramBot:54 - 
2024-02-26 08:53:49 DEBUG TelegramBot:54 - 
2024-02-26 08:58:09 DEBUG TelegramBot:54 - 
2024-02-26 08:58:09 ERROR MainServiceImpl:39 - java.lang.IndexOutOfBoundsException: Index 5 out of bounds for length 4
2024-02-26 08:58:35 DEBUG TelegramBot:54 - 
2024-02-26 20:45:22 DEBUG TelegramBot:56 - 
2024-02-26 20:46:12 DEBUG TelegramBot:56 - 
2024-02-26 20:47:21 DEBUG TelegramBot:56 - Gg
2024-02-26 20:51:02 DEBUG TelegramBot:57 - Ggg
2024-02-26 20:56:10 DEBUG TelegramBot:57 - 
2024-02-26 20:57:30 DEBUG TelegramBot:57 - 
